2015-11-10 15:26:56 10fc InnoDB: Warning: Using innodb_additional_mem_pool_size is DEPRECATED. This option may be removed in future releases, together with the option innodb_use_sys_malloc and with the InnoDB's internal memory allocator.
2015-11-10 15:26:56 4348 [Note] InnoDB: Using mutexes to ref count buffer pool pages
2015-11-10 15:26:56 4348 [Note] InnoDB: The InnoDB memory heap is disabled
2015-11-10 15:26:56 4348 [Note] InnoDB: Mutexes and rw_locks use Windows interlocked functions
2015-11-10 15:26:56 4348 [Note] InnoDB: Memory barrier is not used
2015-11-10 15:26:56 4348 [Note] InnoDB: Compressed tables use zlib 1.2.3
2015-11-10 15:26:56 4348 [Note] InnoDB: Not using CPU crc32 instructions
2015-11-10 15:26:56 4348 [Note] InnoDB: Initializing buffer pool, size = 16.0M
2015-11-10 15:26:56 4348 [Note] InnoDB: Completed initialization of buffer pool
2015-11-10 15:26:56 4348 [Note] InnoDB: Highest supported file format is Barracuda.
2015-11-10 15:26:57 4348 [Note] InnoDB: 128 rollback segment(s) are active.
2015-11-10 15:26:57 4348 [Note] InnoDB: Waiting for purge to start
2015-11-10 15:26:57 4348 [Note] InnoDB:  Percona XtraDB (http://www.percona.com) 5.6.26-74.0 started; log sequence number 1835027
2015-11-10 15:26:57 6140 [Note] InnoDB: Dumping buffer pool(s) not yet started
2015-11-10 15:26:57 4348 [Note] Plugin 'FEEDBACK' is disabled.
2015-11-10 15:26:57 4348 [Note] Server socket created on IP: '::'.
2015-11-10 15:26:57 4348 [Note] Event Scheduler: Loaded 0 events
2015-11-10 15:26:57 4348 [Note] C:\xampp\mysql\bin\mysqld.exe: ready for connections.
Version: '10.1.8-MariaDB'  socket: ''  port: 3306  mariadb.org binary distribution
2015-11-10 15:27:11 5152 [Note] C:\xampp\mysql\bin\mysqld.exe: Normal shutdown

2015-11-10 15:27:11 5152 [Note] Event Scheduler: Purging the queue. 0 events
2015-11-10 15:27:11 5732 [Note] InnoDB: FTS optimize thread exiting.
2015-11-10 15:27:11 5152 [Note] InnoDB: Starting shutdown...
2015-11-10 15:27:13 5152 [Note] InnoDB: Shutdown completed; log sequence number 1835037
2015-11-10 15:27:13 5152 [Note] C:\xampp\mysql\bin\mysqld.exe: Shutdown complete

2017-08-25 14:24:11 2f08 InnoDB: Warning: Using innodb_additional_mem_pool_size is DEPRECATED. This option may be removed in future releases, together with the option innodb_use_sys_malloc and with the InnoDB's internal memory allocator.
2017-08-25 14:24:11 12040 [Note] InnoDB: innodb_empty_free_list_algorithm has been changed to legacy because of small buffer pool size. In order to use backoff, increase buffer pool at least up to 20MB.

2017-08-25 14:24:11 12040 [Note] InnoDB: Using mutexes to ref count buffer pool pages
2017-08-25 14:24:11 12040 [Note] InnoDB: The InnoDB memory heap is disabled
2017-08-25 14:24:11 12040 [Note] InnoDB: Mutexes and rw_locks use Windows interlocked functions
2017-08-25 14:24:11 12040 [Note] InnoDB: _mm_lfence() and _mm_sfence() are used for memory barrier
2017-08-25 14:24:11 12040 [Note] InnoDB: Compressed tables use zlib 1.2.3
2017-08-25 14:24:11 12040 [Note] InnoDB: Using generic crc32 instructions
2017-08-25 14:24:11 12040 [Note] InnoDB: Initializing buffer pool, size = 16.0M
2017-08-25 14:24:11 12040 [Note] InnoDB: Completed initialization of buffer pool
2017-08-25 14:24:11 12040 [Note] InnoDB: Highest supported file format is Barracuda.
2017-08-25 14:24:11 12040 [Note] InnoDB: 128 rollback segment(s) are active.
2017-08-25 14:24:11 12040 [Note] InnoDB: Waiting for purge to start
2017-08-25 14:24:11 12040 [Note] InnoDB:  Percona XtraDB (http://www.percona.com) 5.6.36-82.0 started; log sequence number 1835037
2017-08-25 14:24:11 12624 [Note] InnoDB: Dumping buffer pool(s) not yet started
2017-08-25 14:24:11 12040 [Note] Plugin 'FEEDBACK' is disabled.
2017-08-25 14:24:11 12040 [Note] Server socket created on IP: '::'.
2017-08-25 14:24:11 12040 [Note] c:\xampp\mysql\bin\mysqld.exe: ready for connections.
Version: '10.1.25-MariaDB'  socket: ''  port: 3306  mariadb.org binary distribution
2018-03-22 10:24:38 169c InnoDB: Warning: Using innodb_additional_mem_pool_size is DEPRECATED. This option may be removed in future releases, together with the option innodb_use_sys_malloc and with the InnoDB's internal memory allocator.
2018-03-22 10:24:38 5788 [Note] InnoDB: innodb_empty_free_list_algorithm has been changed to legacy because of small buffer pool size. In order to use backoff, increase buffer pool at least up to 20MB.

2018-03-22 10:24:38 5788 [Note] InnoDB: Using mutexes to ref count buffer pool pages
2018-03-22 10:24:38 5788 [Note] InnoDB: The InnoDB memory heap is disabled
2018-03-22 10:24:38 5788 [Note] InnoDB: Mutexes and rw_locks use Windows interlocked functions
2018-03-22 10:24:38 5788 [Note] InnoDB: _mm_lfence() and _mm_sfence() are used for memory barrier
2018-03-22 10:24:38 5788 [Note] InnoDB: Compressed tables use zlib 1.2.3
2018-03-22 10:24:38 5788 [Note] InnoDB: Using generic crc32 instructions
2018-03-22 10:24:38 5788 [Note] InnoDB: Initializing buffer pool, size = 16.0M
2018-03-22 10:24:38 5788 [Note] InnoDB: Completed initialization of buffer pool
2018-03-22 10:24:39 5788 [Note] InnoDB: Highest supported file format is Barracuda.
2018-03-22 10:24:39 5788 [Note] InnoDB: The log sequence number 1835037 in ibdata file do not match the log sequence number 1835461 in the ib_logfiles!
2018-03-22 10:24:39 5788 [Note] InnoDB: Restoring possible half-written data pages from the doublewrite buffer...
2018-03-22 10:24:39 5788 [Note] InnoDB: 128 rollback segment(s) are active.
2018-03-22 10:24:39 5788 [Note] InnoDB: Waiting for purge to start
2018-03-22 10:24:39 5788 [Note] InnoDB:  Percona XtraDB (http://www.percona.com) 5.6.36-82.0 started; log sequence number 1835461
2018-03-22 10:24:39 5316 [Note] InnoDB: Dumping buffer pool(s) not yet started
2018-03-22 10:24:39 5788 [Note] Plugin 'FEEDBACK' is disabled.
2018-03-22 10:24:39 5788 [Note] Server socket created on IP: '::'.
2018-03-22 10:24:39 5788 [Note] c:\xampp\mysql\bin\mysqld.exe: ready for connections.
Version: '10.1.25-MariaDB'  socket: ''  port: 3306  mariadb.org binary distribution
2018-03-22 12:09:16 433c InnoDB: Warning: Using innodb_additional_mem_pool_size is DEPRECATED. This option may be removed in future releases, together with the option innodb_use_sys_malloc and with the InnoDB's internal memory allocator.
2018-03-22 12:09:16 17212 [Note] InnoDB: innodb_empty_free_list_algorithm has been changed to legacy because of small buffer pool size. In order to use backoff, increase buffer pool at least up to 20MB.

2018-03-22 12:09:16 17212 [Note] InnoDB: Using mutexes to ref count buffer pool pages
2018-03-22 12:09:16 17212 [Note] InnoDB: The InnoDB memory heap is disabled
2018-03-22 12:09:16 17212 [Note] InnoDB: Mutexes and rw_locks use Windows interlocked functions
2018-03-22 12:09:16 17212 [Note] InnoDB: _mm_lfence() and _mm_sfence() are used for memory barrier
2018-03-22 12:09:16 17212 [Note] InnoDB: Compressed tables use zlib 1.2.3
2018-03-22 12:09:16 17212 [Note] InnoDB: Using generic crc32 instructions
2018-03-22 12:09:16 17212 [Note] InnoDB: Initializing buffer pool, size = 16.0M
2018-03-22 12:09:16 17212 [Note] InnoDB: Completed initialization of buffer pool
2018-03-22 12:09:16 17212 [Note] InnoDB: Highest supported file format is Barracuda.
2018-03-22 12:09:16 17212 [Note] InnoDB: The log sequence number 1835037 in ibdata file do not match the log sequence number 1843500 in the ib_logfiles!
2018-03-22 12:09:16 17212 [Note] InnoDB: Restoring possible half-written data pages from the doublewrite buffer...
2018-03-22 12:09:16 17212 [Note] InnoDB: 128 rollback segment(s) are active.
2018-03-22 12:09:16 17212 [Note] InnoDB: Waiting for purge to start
2018-03-22 12:09:16 17212 [Note] InnoDB:  Percona XtraDB (http://www.percona.com) 5.6.36-82.0 started; log sequence number 1843500
2018-03-22 12:09:16 14524 [Note] InnoDB: Dumping buffer pool(s) not yet started
2018-03-22 12:09:16 17212 [Note] Plugin 'FEEDBACK' is disabled.
2018-03-22 12:09:16 17212 [Note] Server socket created on IP: '::'.
2018-03-22 12:09:16 17212 [ERROR] mysqld.exe: Table '.\mysql\user' is marked as crashed and should be repaired
2018-03-22 12:09:16 17212 [Warning] Checking table:   '.\mysql\user'
2018-03-22 12:09:16 17212 [ERROR] mysql.user: 1 client is using or hasn't closed the table properly
2018-03-22 12:09:16 17212 [ERROR] mysqld.exe: Table '.\mysql\db' is marked as crashed and should be repaired
2018-03-22 12:09:16 17212 [Warning] Checking table:   '.\mysql\db'
2018-03-22 12:09:16 17212 [ERROR] mysql.db: 1 client is using or hasn't closed the table properly
2018-03-22 12:09:16 17212 [Note] c:\xampp\mysql\bin\mysqld.exe: ready for connections.
Version: '10.1.25-MariaDB'  socket: ''  port: 3306  mariadb.org binary distribution
2018-03-29 10:27:17 13ac InnoDB: Warning: Using innodb_additional_mem_pool_size is DEPRECATED. This option may be removed in future releases, together with the option innodb_use_sys_malloc and with the InnoDB's internal memory allocator.
2018-03-29 10:27:17 5036 [Note] InnoDB: innodb_empty_free_list_algorithm has been changed to legacy because of small buffer pool size. In order to use backoff, increase buffer pool at least up to 20MB.

2018-03-29 10:27:17 5036 [Note] InnoDB: Using mutexes to ref count buffer pool pages
2018-03-29 10:27:17 5036 [Note] InnoDB: The InnoDB memory heap is disabled
2018-03-29 10:27:17 5036 [Note] InnoDB: Mutexes and rw_locks use Windows interlocked functions
2018-03-29 10:27:17 5036 [Note] InnoDB: _mm_lfence() and _mm_sfence() are used for memory barrier
2018-03-29 10:27:17 5036 [Note] InnoDB: Compressed tables use zlib 1.2.3
2018-03-29 10:27:17 5036 [Note] InnoDB: Using generic crc32 instructions
2018-03-29 10:27:17 5036 [Note] InnoDB: Initializing buffer pool, size = 16.0M
2018-03-29 10:27:17 5036 [Note] InnoDB: Completed initialization of buffer pool
2018-03-29 10:27:17 5036 [Note] InnoDB: Highest supported file format is Barracuda.
2018-03-29 10:27:17 5036 [Note] InnoDB: The log sequence number 1835037 in ibdata file do not match the log sequence number 1856990 in the ib_logfiles!
2018-03-29 10:27:17 5036 [Note] InnoDB: Restoring possible half-written data pages from the doublewrite buffer...
2018-03-29 10:27:17 5036 [Note] InnoDB: 128 rollback segment(s) are active.
2018-03-29 10:27:17 5036 [Note] InnoDB: Waiting for purge to start
2018-03-29 10:27:17 5036 [Note] InnoDB:  Percona XtraDB (http://www.percona.com) 5.6.36-82.0 started; log sequence number 1856990
2018-03-29 10:27:17 3524 [Note] InnoDB: Dumping buffer pool(s) not yet started
2018-03-29 10:27:17 5036 [Note] Plugin 'FEEDBACK' is disabled.
2018-03-29 10:27:17 5036 [Note] Server socket created on IP: '::'.
2018-03-29 10:27:17 5036 [ERROR] mysqld.exe: Table '.\mysql\user' is marked as crashed and should be repaired
2018-03-29 10:27:17 5036 [Warning] Checking table:   '.\mysql\user'
2018-03-29 10:27:17 5036 [ERROR] mysql.user: 1 client is using or hasn't closed the table properly
2018-03-29 10:27:17 5036 [ERROR] mysqld.exe: Table '.\mysql\db' is marked as crashed and should be repaired
2018-03-29 10:27:17 5036 [Warning] Checking table:   '.\mysql\db'
2018-03-29 10:27:17 5036 [ERROR] mysql.db: 1 client is using or hasn't closed the table properly
2018-03-29 10:27:17 5036 [Note] c:\xampp\mysql\bin\mysqld.exe: ready for connections.
Version: '10.1.25-MariaDB'  socket: ''  port: 3306  mariadb.org binary distribution
2018-04-12 10:17:52 2dc8 InnoDB: Warning: Using innodb_additional_mem_pool_size is DEPRECATED. This option may be removed in future releases, together with the option innodb_use_sys_malloc and with the InnoDB's internal memory allocator.
2018-04-12 10:17:52 11720 [Note] InnoDB: innodb_empty_free_list_algorithm has been changed to legacy because of small buffer pool size. In order to use backoff, increase buffer pool at least up to 20MB.

2018-04-12 10:17:52 11720 [Note] InnoDB: Using mutexes to ref count buffer pool pages
2018-04-12 10:17:52 11720 [Note] InnoDB: The InnoDB memory heap is disabled
2018-04-12 10:17:52 11720 [Note] InnoDB: Mutexes and rw_locks use Windows interlocked functions
2018-04-12 10:17:52 11720 [Note] InnoDB: _mm_lfence() and _mm_sfence() are used for memory barrier
2018-04-12 10:17:52 11720 [Note] InnoDB: Compressed tables use zlib 1.2.3
2018-04-12 10:17:52 11720 [Note] InnoDB: Using generic crc32 instructions
2018-04-12 10:17:52 11720 [Note] InnoDB: Initializing buffer pool, size = 16.0M
2018-04-12 10:17:52 11720 [Note] InnoDB: Completed initialization of buffer pool
2018-04-12 10:17:52 11720 [Note] InnoDB: Highest supported file format is Barracuda.
2018-04-12 10:17:52 11720 [Note] InnoDB: The log sequence number 1835037 in ibdata file do not match the log sequence number 1857217 in the ib_logfiles!
2018-04-12 10:17:52 11720 [Note] InnoDB: Restoring possible half-written data pages from the doublewrite buffer...
2018-04-12 10:17:53 11720 [Note] InnoDB: 128 rollback segment(s) are active.
2018-04-12 10:17:53 11720 [Note] InnoDB: Waiting for purge to start
2018-04-12 10:17:53 11720 [Note] InnoDB:  Percona XtraDB (http://www.percona.com) 5.6.36-82.0 started; log sequence number 1857217
2018-04-12 10:17:53 9964 [Note] InnoDB: Dumping buffer pool(s) not yet started
2018-04-12 10:17:53 11720 [Note] Plugin 'FEEDBACK' is disabled.
2018-04-12 10:17:53 11720 [Note] Server socket created on IP: '::'.
2018-04-12 10:17:53 11720 [ERROR] mysqld.exe: Table '.\mysql\user' is marked as crashed and should be repaired
2018-04-12 10:17:53 11720 [Warning] Checking table:   '.\mysql\user'
2018-04-12 10:17:53 11720 [ERROR] mysql.user: 1 client is using or hasn't closed the table properly
2018-04-12 10:17:53 11720 [ERROR] mysqld.exe: Table '.\mysql\db' is marked as crashed and should be repaired
2018-04-12 10:17:53 11720 [Warning] Checking table:   '.\mysql\db'
2018-04-12 10:17:53 11720 [ERROR] mysql.db: 1 client is using or hasn't closed the table properly
2018-04-12 10:17:53 11720 [Note] c:\xampp\mysql\bin\mysqld.exe: ready for connections.
Version: '10.1.25-MariaDB'  socket: ''  port: 3306  mariadb.org binary distribution
2018-04-19 10:17:14 40fc InnoDB: Warning: Using innodb_additional_mem_pool_size is DEPRECATED. This option may be removed in future releases, together with the option innodb_use_sys_malloc and with the InnoDB's internal memory allocator.
2018-04-19 10:17:14 16636 [Note] InnoDB: innodb_empty_free_list_algorithm has been changed to legacy because of small buffer pool size. In order to use backoff, increase buffer pool at least up to 20MB.

2018-04-19 10:17:14 16636 [Note] InnoDB: Using mutexes to ref count buffer pool pages
2018-04-19 10:17:14 16636 [Note] InnoDB: The InnoDB memory heap is disabled
2018-04-19 10:17:14 16636 [Note] InnoDB: Mutexes and rw_locks use Windows interlocked functions
2018-04-19 10:17:14 16636 [Note] InnoDB: _mm_lfence() and _mm_sfence() are used for memory barrier
2018-04-19 10:17:14 16636 [Note] InnoDB: Compressed tables use zlib 1.2.3
2018-04-19 10:17:14 16636 [Note] InnoDB: Using generic crc32 instructions
2018-04-19 10:17:14 16636 [Note] InnoDB: Initializing buffer pool, size = 16.0M
2018-04-19 10:17:14 16636 [Note] InnoDB: Completed initialization of buffer pool
2018-04-19 10:17:14 16636 [Note] InnoDB: Highest supported file format is Barracuda.
2018-04-19 10:17:14 16636 [Note] InnoDB: The log sequence number 1835037 in ibdata file do not match the log sequence number 1857350 in the ib_logfiles!
2018-04-19 10:17:14 16636 [Note] InnoDB: Restoring possible half-written data pages from the doublewrite buffer...
2018-04-19 10:17:14 16636 [Note] InnoDB: 128 rollback segment(s) are active.
2018-04-19 10:17:14 16636 [Note] InnoDB: Waiting for purge to start
2018-04-19 10:17:14 16636 [Note] InnoDB:  Percona XtraDB (http://www.percona.com) 5.6.36-82.0 started; log sequence number 1857350
2018-04-19 10:17:15 16820 [Note] InnoDB: Dumping buffer pool(s) not yet started
2018-04-19 10:17:15 16636 [Note] Plugin 'FEEDBACK' is disabled.
2018-04-19 10:17:15 16636 [Note] Server socket created on IP: '::'.
2018-04-19 10:17:15 16636 [Note] c:\xampp\mysql\bin\mysqld.exe: ready for connections.
Version: '10.1.25-MariaDB'  socket: ''  port: 3306  mariadb.org binary distribution
2018-04-26 10:02:41 9a0 InnoDB: Warning: Using innodb_additional_mem_pool_size is DEPRECATED. This option may be removed in future releases, together with the option innodb_use_sys_malloc and with the InnoDB's internal memory allocator.
2018-04-26 10:02:41 2464 [Note] InnoDB: innodb_empty_free_list_algorithm has been changed to legacy because of small buffer pool size. In order to use backoff, increase buffer pool at least up to 20MB.

2018-04-26 10:02:41 2464 [Note] InnoDB: Using mutexes to ref count buffer pool pages
2018-04-26 10:02:41 2464 [Note] InnoDB: The InnoDB memory heap is disabled
2018-04-26 10:02:41 2464 [Note] InnoDB: Mutexes and rw_locks use Windows interlocked functions
2018-04-26 10:02:41 2464 [Note] InnoDB: _mm_lfence() and _mm_sfence() are used for memory barrier
2018-04-26 10:02:41 2464 [Note] InnoDB: Compressed tables use zlib 1.2.3
2018-04-26 10:02:41 2464 [Note] InnoDB: Using generic crc32 instructions
2018-04-26 10:02:41 2464 [Note] InnoDB: Initializing buffer pool, size = 16.0M
2018-04-26 10:02:41 2464 [Note] InnoDB: Completed initialization of buffer pool
2018-04-26 10:02:42 2464 [Note] InnoDB: Highest supported file format is Barracuda.
2018-04-26 10:02:42 2464 [Note] InnoDB: The log sequence number 1835037 in ibdata file do not match the log sequence number 1878310 in the ib_logfiles!
2018-04-26 10:02:42 2464 [Note] InnoDB: Restoring possible half-written data pages from the doublewrite buffer...
2018-04-26 10:02:42 2464 [Note] InnoDB: 128 rollback segment(s) are active.
2018-04-26 10:02:42 2464 [Note] InnoDB: Waiting for purge to start
2018-04-26 10:02:42 2464 [Note] InnoDB:  Percona XtraDB (http://www.percona.com) 5.6.36-82.0 started; log sequence number 1878310
2018-04-26 10:02:42 10764 [Note] InnoDB: Dumping buffer pool(s) not yet started
2018-04-26 10:02:42 2464 [Note] Plugin 'FEEDBACK' is disabled.
2018-04-26 10:02:42 2464 [Note] Server socket created on IP: '::'.
2018-04-26 10:02:42 2464 [Note] c:\xampp\mysql\bin\mysqld.exe: ready for connections.
Version: '10.1.25-MariaDB'  socket: ''  port: 3306  mariadb.org binary distribution
2018-04-26 10:05:13 2c48 InnoDB: Warning: Using innodb_additional_mem_pool_size is DEPRECATED. This option may be removed in future releases, together with the option innodb_use_sys_malloc and with the InnoDB's internal memory allocator.
2018-04-26 10:05:13 11336 [Note] InnoDB: innodb_empty_free_list_algorithm has been changed to legacy because of small buffer pool size. In order to use backoff, increase buffer pool at least up to 20MB.

2018-04-26 10:05:13 11336 [Note] InnoDB: Using mutexes to ref count buffer pool pages
2018-04-26 10:05:13 11336 [Note] InnoDB: The InnoDB memory heap is disabled
2018-04-26 10:05:13 11336 [Note] InnoDB: Mutexes and rw_locks use Windows interlocked functions
2018-04-26 10:05:13 11336 [Note] InnoDB: _mm_lfence() and _mm_sfence() are used for memory barrier
2018-04-26 10:05:13 11336 [Note] InnoDB: Compressed tables use zlib 1.2.3
2018-04-26 10:05:13 11336 [Note] InnoDB: Using generic crc32 instructions
2018-04-26 10:05:13 11336 [Note] InnoDB: Initializing buffer pool, size = 16.0M
2018-04-26 10:05:13 11336 [Note] InnoDB: Completed initialization of buffer pool
2018-04-26 10:05:13 11336 [Note] InnoDB: Highest supported file format is Barracuda.
2018-04-26 10:05:13 11336 [Note] InnoDB: The log sequence number 1835037 in ibdata file do not match the log sequence number 1878320 in the ib_logfiles!
2018-04-26 10:05:13 11336 [Note] InnoDB: Restoring possible half-written data pages from the doublewrite buffer...
2018-04-26 10:05:13 11336 [Note] InnoDB: 128 rollback segment(s) are active.
2018-04-26 10:05:13 11336 [Note] InnoDB: Waiting for purge to start
2018-04-26 10:05:13 11336 [Note] InnoDB:  Percona XtraDB (http://www.percona.com) 5.6.36-82.0 started; log sequence number 1878320
2018-04-26 10:05:14 15356 [Note] InnoDB: Dumping buffer pool(s) not yet started
2018-04-26 10:05:14 11336 [Note] Plugin 'FEEDBACK' is disabled.
2018-04-26 10:05:14 11336 [Note] Server socket created on IP: '::'.
2018-04-26 10:05:14 11336 [Note] c:\xampp\mysql\bin\mysqld.exe: ready for connections.
Version: '10.1.25-MariaDB'  socket: ''  port: 3306  mariadb.org binary distribution
2018-05-03 10:12:30 1d2c InnoDB: Warning: Using innodb_additional_mem_pool_size is DEPRECATED. This option may be removed in future releases, together with the option innodb_use_sys_malloc and with the InnoDB's internal memory allocator.
2018-05-03 10:12:30 7468 [Note] InnoDB: innodb_empty_free_list_algorithm has been changed to legacy because of small buffer pool size. In order to use backoff, increase buffer pool at least up to 20MB.

2018-05-03 10:12:30 7468 [Note] InnoDB: Using mutexes to ref count buffer pool pages
2018-05-03 10:12:30 7468 [Note] InnoDB: The InnoDB memory heap is disabled
2018-05-03 10:12:30 7468 [Note] InnoDB: Mutexes and rw_locks use Windows interlocked functions
2018-05-03 10:12:30 7468 [Note] InnoDB: _mm_lfence() and _mm_sfence() are used for memory barrier
2018-05-03 10:12:30 7468 [Note] InnoDB: Compressed tables use zlib 1.2.3
2018-05-03 10:12:30 7468 [Note] InnoDB: Using generic crc32 instructions
2018-05-03 10:12:30 7468 [Note] InnoDB: Initializing buffer pool, size = 16.0M
2018-05-03 10:12:30 7468 [Note] InnoDB: Completed initialization of buffer pool
2018-05-03 10:12:30 7468 [Note] InnoDB: Highest supported file format is Barracuda.
2018-05-03 10:12:30 7468 [Note] InnoDB: The log sequence number 1835037 in ibdata file do not match the log sequence number 2044857 in the ib_logfiles!
2018-05-03 10:12:30 7468 [Note] InnoDB: Restoring possible half-written data pages from the doublewrite buffer...
2018-05-03 10:12:30 7468 [Note] InnoDB: 128 rollback segment(s) are active.
2018-05-03 10:12:30 7468 [Note] InnoDB: Waiting for purge to start
2018-05-03 10:12:30 7468 [Note] InnoDB:  Percona XtraDB (http://www.percona.com) 5.6.36-82.0 started; log sequence number 2044857
2018-05-03 10:12:30 11244 [Note] InnoDB: Dumping buffer pool(s) not yet started
2018-05-03 10:12:30 7468 [Note] Plugin 'FEEDBACK' is disabled.
2018-05-03 10:12:30 7468 [Note] Server socket created on IP: '::'.
2018-05-03 10:12:30 7468 [Note] c:\xampp\mysql\bin\mysqld.exe: ready for connections.
Version: '10.1.25-MariaDB'  socket: ''  port: 3306  mariadb.org binary distribution
2018-05-24 10:32:15 3178 InnoDB: Warning: Using innodb_additional_mem_pool_size is DEPRECATED. This option may be removed in future releases, together with the option innodb_use_sys_malloc and with the InnoDB's internal memory allocator.
2018-05-24 10:32:15 12664 [Note] InnoDB: innodb_empty_free_list_algorithm has been changed to legacy because of small buffer pool size. In order to use backoff, increase buffer pool at least up to 20MB.

2018-05-24 10:32:15 12664 [Note] InnoDB: Using mutexes to ref count buffer pool pages
2018-05-24 10:32:15 12664 [Note] InnoDB: The InnoDB memory heap is disabled
2018-05-24 10:32:15 12664 [Note] InnoDB: Mutexes and rw_locks use Windows interlocked functions
2018-05-24 10:32:15 12664 [Note] InnoDB: _mm_lfence() and _mm_sfence() are used for memory barrier
2018-05-24 10:32:15 12664 [Note] InnoDB: Compressed tables use zlib 1.2.3
2018-05-24 10:32:15 12664 [Note] InnoDB: Using generic crc32 instructions
2018-05-24 10:32:15 12664 [Note] InnoDB: Initializing buffer pool, size = 16.0M
2018-05-24 10:32:15 12664 [Note] InnoDB: Completed initialization of buffer pool
2018-05-24 10:32:15 12664 [Note] InnoDB: Highest supported file format is Barracuda.
2018-05-24 10:32:15 12664 [Note] InnoDB: The log sequence number 1835037 in ibdata file do not match the log sequence number 2062791 in the ib_logfiles!
2018-05-24 10:32:15 12664 [Note] InnoDB: Restoring possible half-written data pages from the doublewrite buffer...
2018-05-24 10:32:15 12664 [Note] InnoDB: 128 rollback segment(s) are active.
2018-05-24 10:32:15 12664 [Note] InnoDB: Waiting for purge to start
2018-05-24 10:32:15 12664 [Note] InnoDB:  Percona XtraDB (http://www.percona.com) 5.6.36-82.0 started; log sequence number 2062791
2018-05-24 10:32:15 16444 [Note] InnoDB: Dumping buffer pool(s) not yet started
2018-05-24 10:32:15 12664 [Note] Plugin 'FEEDBACK' is disabled.
2018-05-24 10:32:15 12664 [Note] Server socket created on IP: '::'.
2018-05-24 10:32:16 12664 [Note] c:\xampp\mysql\bin\mysqld.exe: ready for connections.
Version: '10.1.25-MariaDB'  socket: ''  port: 3306  mariadb.org binary distribution
2018-05-24 10:37:43 14d0 InnoDB: Warning: Using innodb_additional_mem_pool_size is DEPRECATED. This option may be removed in future releases, together with the option innodb_use_sys_malloc and with the InnoDB's internal memory allocator.
2018-05-24 10:37:43 5328 [Note] InnoDB: innodb_empty_free_list_algorithm has been changed to legacy because of small buffer pool size. In order to use backoff, increase buffer pool at least up to 20MB.

2018-05-24 10:37:43 5328 [Note] InnoDB: Using mutexes to ref count buffer pool pages
2018-05-24 10:37:43 5328 [Note] InnoDB: The InnoDB memory heap is disabled
2018-05-24 10:37:43 5328 [Note] InnoDB: Mutexes and rw_locks use Windows interlocked functions
2018-05-24 10:37:43 5328 [Note] InnoDB: _mm_lfence() and _mm_sfence() are used for memory barrier
2018-05-24 10:37:43 5328 [Note] InnoDB: Compressed tables use zlib 1.2.3
2018-05-24 10:37:43 5328 [Note] InnoDB: Using generic crc32 instructions
2018-05-24 10:37:43 5328 [Note] InnoDB: Initializing buffer pool, size = 16.0M
2018-05-24 10:37:43 5328 [Note] InnoDB: Completed initialization of buffer pool
2018-05-24 10:37:43 5328 [Note] InnoDB: Highest supported file format is Barracuda.
2018-05-24 10:37:43 5328 [Note] InnoDB: The log sequence number 1835037 in ibdata file do not match the log sequence number 2067153 in the ib_logfiles!
2018-05-24 10:37:43 5328 [Note] InnoDB: Restoring possible half-written data pages from the doublewrite buffer...
2018-05-24 10:37:43 5328 [Note] InnoDB: 128 rollback segment(s) are active.
2018-05-24 10:37:43 5328 [Note] InnoDB: Waiting for purge to start
2018-05-24 10:37:43 5328 [Note] InnoDB:  Percona XtraDB (http://www.percona.com) 5.6.36-82.0 started; log sequence number 2067153
2018-05-24 10:37:43 8864 [Note] InnoDB: Dumping buffer pool(s) not yet started
2018-05-24 10:37:43 5328 [Note] Plugin 'FEEDBACK' is disabled.
2018-05-24 10:37:43 5328 [Note] Server socket created on IP: '::'.
2018-05-24 10:37:43 5328 [Note] c:\xampp\mysql\bin\mysqld.exe: ready for connections.
Version: '10.1.25-MariaDB'  socket: ''  port: 3306  mariadb.org binary distribution
2018-05-31 10:20:33 3900 InnoDB: Warning: Using innodb_additional_mem_pool_size is DEPRECATED. This option may be removed in future releases, together with the option innodb_use_sys_malloc and with the InnoDB's internal memory allocator.
2018-05-31 10:20:33 14592 [Note] InnoDB: innodb_empty_free_list_algorithm has been changed to legacy because of small buffer pool size. In order to use backoff, increase buffer pool at least up to 20MB.

2018-05-31 10:20:33 14592 [Note] InnoDB: Using mutexes to ref count buffer pool pages
2018-05-31 10:20:33 14592 [Note] InnoDB: The InnoDB memory heap is disabled
2018-05-31 10:20:33 14592 [Note] InnoDB: Mutexes and rw_locks use Windows interlocked functions
2018-05-31 10:20:33 14592 [Note] InnoDB: _mm_lfence() and _mm_sfence() are used for memory barrier
2018-05-31 10:20:33 14592 [Note] InnoDB: Compressed tables use zlib 1.2.3
2018-05-31 10:20:33 14592 [Note] InnoDB: Using generic crc32 instructions
2018-05-31 10:20:33 14592 [Note] InnoDB: Initializing buffer pool, size = 16.0M
2018-05-31 10:20:33 14592 [Note] InnoDB: Completed initialization of buffer pool
2018-05-31 10:20:33 14592 [Note] InnoDB: Highest supported file format is Barracuda.
2018-05-31 10:20:33 14592 [Note] InnoDB: The log sequence number 1835037 in ibdata file do not match the log sequence number 2067288 in the ib_logfiles!
2018-05-31 10:20:33 14592 [Note] InnoDB: Restoring possible half-written data pages from the doublewrite buffer...
2018-05-31 10:20:33 14592 [Note] InnoDB: 128 rollback segment(s) are active.
2018-05-31 10:20:33 14592 [Note] InnoDB: Waiting for purge to start
2018-05-31 10:20:33 14592 [Note] InnoDB:  Percona XtraDB (http://www.percona.com) 5.6.36-82.0 started; log sequence number 2067288
2018-05-31 10:20:33 1780 [Note] InnoDB: Dumping buffer pool(s) not yet started
2018-05-31 10:20:33 14592 [Note] Plugin 'FEEDBACK' is disabled.
2018-05-31 10:20:33 14592 [Note] Server socket created on IP: '::'.
2018-05-31 10:20:33 14592 [Note] mysql\bin\mysqld.exe: ready for connections.
Version: '10.1.25-MariaDB'  socket: ''  port: 3306  mariadb.org binary distribution
2018-05-31 10:20:46 2204 InnoDB: Warning: Using innodb_additional_mem_pool_size is DEPRECATED. This option may be removed in future releases, together with the option innodb_use_sys_malloc and with the InnoDB's internal memory allocator.
2018-05-31 10:20:46 8708 [Note] InnoDB: innodb_empty_free_list_algorithm has been changed to legacy because of small buffer pool size. In order to use backoff, increase buffer pool at least up to 20MB.

2018-05-31 10:20:46 8708 [Note] InnoDB: Using mutexes to ref count buffer pool pages
2018-05-31 10:20:46 8708 [Note] InnoDB: The InnoDB memory heap is disabled
2018-05-31 10:20:46 8708 [Note] InnoDB: Mutexes and rw_locks use Windows interlocked functions
2018-05-31 10:20:46 8708 [Note] InnoDB: _mm_lfence() and _mm_sfence() are used for memory barrier
2018-05-31 10:20:46 8708 [Note] InnoDB: Compressed tables use zlib 1.2.3
2018-05-31 10:20:46 8708 [Note] InnoDB: Using generic crc32 instructions
2018-05-31 10:20:46 8708 [Note] InnoDB: Initializing buffer pool, size = 16.0M
2018-05-31 10:20:46 8708 [Note] InnoDB: Completed initialization of buffer pool
2018-05-31 10:20:46 8708 [Note] InnoDB: Highest supported file format is Barracuda.
2018-05-31 10:20:46 8708 [Note] InnoDB: The log sequence number 1835037 in ibdata file do not match the log sequence number 2067298 in the ib_logfiles!
2018-05-31 10:20:46 8708 [Note] InnoDB: Restoring possible half-written data pages from the doublewrite buffer...
2018-05-31 10:20:46 8708 [Note] InnoDB: 128 rollback segment(s) are active.
2018-05-31 10:20:46 8708 [Note] InnoDB: Waiting for purge to start
2018-05-31 10:20:46 8708 [Note] InnoDB:  Percona XtraDB (http://www.percona.com) 5.6.36-82.0 started; log sequence number 2067298
2018-05-31 10:20:46 12196 [Note] InnoDB: Dumping buffer pool(s) not yet started
2018-05-31 10:20:46 8708 [Note] Plugin 'FEEDBACK' is disabled.
2018-05-31 10:20:46 8708 [Note] Server socket created on IP: '::'.
2018-05-31 10:20:46 8708 [Note] c:\xampp\mysql\bin\mysqld.exe: ready for connections.
Version: '10.1.25-MariaDB'  socket: ''  port: 3306  mariadb.org binary distribution
2018-06-07 10:42:01 341c InnoDB: Warning: Using innodb_additional_mem_pool_size is DEPRECATED. This option may be removed in future releases, together with the option innodb_use_sys_malloc and with the InnoDB's internal memory allocator.
2018-06-07 10:42:01 13340 [Note] InnoDB: innodb_empty_free_list_algorithm has been changed to legacy because of small buffer pool size. In order to use backoff, increase buffer pool at least up to 20MB.

2018-06-07 10:42:01 13340 [Note] InnoDB: Using mutexes to ref count buffer pool pages
2018-06-07 10:42:01 13340 [Note] InnoDB: The InnoDB memory heap is disabled
2018-06-07 10:42:01 13340 [Note] InnoDB: Mutexes and rw_locks use Windows interlocked functions
2018-06-07 10:42:01 13340 [Note] InnoDB: _mm_lfence() and _mm_sfence() are used for memory barrier
2018-06-07 10:42:01 13340 [Note] InnoDB: Compressed tables use zlib 1.2.3
2018-06-07 10:42:01 13340 [Note] InnoDB: Using generic crc32 instructions
2018-06-07 10:42:01 13340 [Note] InnoDB: Initializing buffer pool, size = 16.0M
2018-06-07 10:42:01 13340 [Note] InnoDB: Completed initialization of buffer pool
2018-06-07 10:42:01 13340 [Note] InnoDB: Highest supported file format is Barracuda.
2018-06-07 10:42:01 13340 [Note] InnoDB: The log sequence number 1835037 in ibdata file do not match the log sequence number 2068743 in the ib_logfiles!
2018-06-07 10:42:01 13340 [Note] InnoDB: Restoring possible half-written data pages from the doublewrite buffer...
2018-06-07 10:42:01 13340 [Note] InnoDB: 128 rollback segment(s) are active.
2018-06-07 10:42:01 13340 [Note] InnoDB: Waiting for purge to start
2018-06-07 10:42:01 13340 [Note] InnoDB:  Percona XtraDB (http://www.percona.com) 5.6.36-82.0 started; log sequence number 2068743
2018-06-07 10:42:01 14036 [Note] InnoDB: Dumping buffer pool(s) not yet started
2018-06-07 10:42:01 13340 [Note] Plugin 'FEEDBACK' is disabled.
2018-06-07 10:42:01 13340 [Note] Server socket created on IP: '::'.
2018-06-07 10:42:01 13340 [Note] c:\xampp\mysql\bin\mysqld.exe: ready for connections.
Version: '10.1.25-MariaDB'  socket: ''  port: 3306  mariadb.org binary distribution
2018-06-14 10:35:37 391c InnoDB: Warning: Using innodb_additional_mem_pool_size is DEPRECATED. This option may be removed in future releases, together with the option innodb_use_sys_malloc and with the InnoDB's internal memory allocator.
2018-06-14 10:35:37 14620 [Note] InnoDB: innodb_empty_free_list_algorithm has been changed to legacy because of small buffer pool size. In order to use backoff, increase buffer pool at least up to 20MB.

2018-06-14 10:35:37 14620 [Note] InnoDB: Using mutexes to ref count buffer pool pages
2018-06-14 10:35:37 14620 [Note] InnoDB: The InnoDB memory heap is disabled
2018-06-14 10:35:37 14620 [Note] InnoDB: Mutexes and rw_locks use Windows interlocked functions
2018-06-14 10:35:37 14620 [Note] InnoDB: _mm_lfence() and _mm_sfence() are used for memory barrier
2018-06-14 10:35:37 14620 [Note] InnoDB: Compressed tables use zlib 1.2.3
2018-06-14 10:35:37 14620 [Note] InnoDB: Using generic crc32 instructions
2018-06-14 10:35:37 14620 [Note] InnoDB: Initializing buffer pool, size = 16.0M
2018-06-14 10:35:37 14620 [Note] InnoDB: Completed initialization of buffer pool
2018-06-14 10:35:37 14620 [Note] InnoDB: Highest supported file format is Barracuda.
2018-06-14 10:35:37 14620 [Note] InnoDB: The log sequence number 1835037 in ibdata file do not match the log sequence number 2068753 in the ib_logfiles!
2018-06-14 10:35:37 14620 [Note] InnoDB: Restoring possible half-written data pages from the doublewrite buffer...
2018-06-14 10:35:37 14620 [Note] InnoDB: 128 rollback segment(s) are active.
2018-06-14 10:35:37 14620 [Note] InnoDB: Waiting for purge to start
2018-06-14 10:35:37 14620 [Note] InnoDB:  Percona XtraDB (http://www.percona.com) 5.6.36-82.0 started; log sequence number 2068753
2018-06-14 10:35:37 15648 [Note] InnoDB: Dumping buffer pool(s) not yet started
2018-06-14 10:35:37 14620 [Note] Plugin 'FEEDBACK' is disabled.
2018-06-14 10:35:37 14620 [Note] Server socket created on IP: '::'.
2018-06-14 10:35:37 14620 [Note] c:\xampp\mysql\bin\mysqld.exe: ready for connections.
Version: '10.1.25-MariaDB'  socket: ''  port: 3306  mariadb.org binary distribution
2018-06-21 10:10:50 38a0 InnoDB: Warning: Using innodb_additional_mem_pool_size is DEPRECATED. This option may be removed in future releases, together with the option innodb_use_sys_malloc and with the InnoDB's internal memory allocator.
2018-06-21 10:10:50 14496 [Note] InnoDB: innodb_empty_free_list_algorithm has been changed to legacy because of small buffer pool size. In order to use backoff, increase buffer pool at least up to 20MB.

2018-06-21 10:10:50 14496 [Note] InnoDB: Using mutexes to ref count buffer pool pages
2018-06-21 10:10:50 14496 [Note] InnoDB: The InnoDB memory heap is disabled
2018-06-21 10:10:50 14496 [Note] InnoDB: Mutexes and rw_locks use Windows interlocked functions
2018-06-21 10:10:50 14496 [Note] InnoDB: _mm_lfence() and _mm_sfence() are used for memory barrier
2018-06-21 10:10:50 14496 [Note] InnoDB: Compressed tables use zlib 1.2.3
2018-06-21 10:10:50 14496 [Note] InnoDB: Using generic crc32 instructions
2018-06-21 10:10:50 14496 [Note] InnoDB: Initializing buffer pool, size = 16.0M
2018-06-21 10:10:50 14496 [Note] InnoDB: Completed initialization of buffer pool
2018-06-21 10:10:50 14496 [Note] InnoDB: Highest supported file format is Barracuda.
2018-06-21 10:10:50 14496 [Note] InnoDB: The log sequence number 1835037 in ibdata file do not match the log sequence number 2069593 in the ib_logfiles!
2018-06-21 10:10:50 14496 [Note] InnoDB: Restoring possible half-written data pages from the doublewrite buffer...
2018-06-21 10:10:51 14496 [Note] InnoDB: 128 rollback segment(s) are active.
2018-06-21 10:10:51 14496 [Note] InnoDB: Waiting for purge to start
2018-06-21 10:10:51 14496 [Note] InnoDB:  Percona XtraDB (http://www.percona.com) 5.6.36-82.0 started; log sequence number 2069593
2018-06-21 10:10:51 11504 [Note] InnoDB: Dumping buffer pool(s) not yet started
2018-06-21 10:10:51 14496 [Note] Plugin 'FEEDBACK' is disabled.
2018-06-21 10:10:51 14496 [Note] Server socket created on IP: '::'.
2018-06-21 10:10:51 14496 [Note] c:\xampp\mysql\bin\mysqld.exe: ready for connections.
Version: '10.1.25-MariaDB'  socket: ''  port: 3306  mariadb.org binary distribution
2018-06-21 17:07:22 2e94 InnoDB: Warning: Using innodb_additional_mem_pool_size is DEPRECATED. This option may be removed in future releases, together with the option innodb_use_sys_malloc and with the InnoDB's internal memory allocator.
2018-06-21 17:07:22 11924 [Note] InnoDB: innodb_empty_free_list_algorithm has been changed to legacy because of small buffer pool size. In order to use backoff, increase buffer pool at least up to 20MB.

2018-06-21 17:07:22 11924 [Note] InnoDB: Using mutexes to ref count buffer pool pages
2018-06-21 17:07:22 11924 [Note] InnoDB: The InnoDB memory heap is disabled
2018-06-21 17:07:22 11924 [Note] InnoDB: Mutexes and rw_locks use Windows interlocked functions
2018-06-21 17:07:22 11924 [Note] InnoDB: _mm_lfence() and _mm_sfence() are used for memory barrier
2018-06-21 17:07:22 11924 [Note] InnoDB: Compressed tables use zlib 1.2.3
2018-06-21 17:07:22 11924 [Note] InnoDB: Using generic crc32 instructions
2018-06-21 17:07:22 11924 [Note] InnoDB: Initializing buffer pool, size = 16.0M
2018-06-21 17:07:22 11924 [Note] InnoDB: Completed initialization of buffer pool
2018-06-21 17:07:22 11924 [Note] InnoDB: Highest supported file format is Barracuda.
2018-06-21 17:07:22 11924 [Note] InnoDB: The log sequence number 1835037 in ibdata file do not match the log sequence number 2094584 in the ib_logfiles!
2018-06-21 17:07:22 11924 [Note] InnoDB: Restoring possible half-written data pages from the doublewrite buffer...
2018-06-21 17:07:22 11924 [Note] InnoDB: 128 rollback segment(s) are active.
2018-06-21 17:07:22 11924 [Note] InnoDB: Waiting for purge to start
2018-06-21 17:07:22 11924 [Note] InnoDB:  Percona XtraDB (http://www.percona.com) 5.6.36-82.0 started; log sequence number 2094584
2018-06-21 17:07:22 10808 [Note] InnoDB: Dumping buffer pool(s) not yet started
2018-06-21 17:07:22 11924 [Note] Plugin 'FEEDBACK' is disabled.
2018-06-21 17:07:22 11924 [Note] Server socket created on IP: '::'.
2018-06-21 17:07:22 11924 [Note] c:\xampp\mysql\bin\mysqld.exe: ready for connections.
Version: '10.1.25-MariaDB'  socket: ''  port: 3306  mariadb.org binary distribution
2018-06-22 08:58:06 2ac4 InnoDB: Warning: Using innodb_additional_mem_pool_size is DEPRECATED. This option may be removed in future releases, together with the option innodb_use_sys_malloc and with the InnoDB's internal memory allocator.
2018-06-22  8:58:06 10948 [Note] InnoDB: innodb_empty_free_list_algorithm has been changed to legacy because of small buffer pool size. In order to use backoff, increase buffer pool at least up to 20MB.

2018-06-22  8:58:06 10948 [Note] InnoDB: Using mutexes to ref count buffer pool pages
2018-06-22  8:58:06 10948 [Note] InnoDB: The InnoDB memory heap is disabled
2018-06-22  8:58:06 10948 [Note] InnoDB: Mutexes and rw_locks use Windows interlocked functions
2018-06-22  8:58:06 10948 [Note] InnoDB: _mm_lfence() and _mm_sfence() are used for memory barrier
2018-06-22  8:58:06 10948 [Note] InnoDB: Compressed tables use zlib 1.2.3
2018-06-22  8:58:06 10948 [Note] InnoDB: Using generic crc32 instructions
2018-06-22  8:58:06 10948 [Note] InnoDB: Initializing buffer pool, size = 16.0M
2018-06-22  8:58:06 10948 [Note] InnoDB: Completed initialization of buffer pool
2018-06-22  8:58:06 10948 [Note] InnoDB: Highest supported file format is Barracuda.
2018-06-22  8:58:06 10948 [Note] InnoDB: The log sequence number 1835037 in ibdata file do not match the log sequence number 2120627 in the ib_logfiles!
2018-06-22  8:58:06 10948 [Note] InnoDB: Restoring possible half-written data pages from the doublewrite buffer...
2018-06-22  8:58:07 10948 [Note] InnoDB: 128 rollback segment(s) are active.
2018-06-22  8:58:07 10948 [Note] InnoDB: Waiting for purge to start
2018-06-22  8:58:07 10948 [Note] InnoDB:  Percona XtraDB (http://www.percona.com) 5.6.36-82.0 started; log sequence number 2120627
2018-06-22  8:58:07 5640 [Note] InnoDB: Dumping buffer pool(s) not yet started
2018-06-22  8:58:07 10948 [Note] Plugin 'FEEDBACK' is disabled.
2018-06-22  8:58:07 10948 [Note] Server socket created on IP: '::'.
2018-06-22  8:58:07 10948 [Note] c:\xampp\mysql\bin\mysqld.exe: ready for connections.
Version: '10.1.25-MariaDB'  socket: ''  port: 3306  mariadb.org binary distribution
2018-06-25 13:25:33 42c InnoDB: Warning: Using innodb_additional_mem_pool_size is DEPRECATED. This option may be removed in future releases, together with the option innodb_use_sys_malloc and with the InnoDB's internal memory allocator.
2018-06-25 13:25:33 1068 [Note] InnoDB: innodb_empty_free_list_algorithm has been changed to legacy because of small buffer pool size. In order to use backoff, increase buffer pool at least up to 20MB.

2018-06-25 13:25:33 1068 [Note] InnoDB: Using mutexes to ref count buffer pool pages
2018-06-25 13:25:33 1068 [Note] InnoDB: The InnoDB memory heap is disabled
2018-06-25 13:25:33 1068 [Note] InnoDB: Mutexes and rw_locks use Windows interlocked functions
2018-06-25 13:25:33 1068 [Note] InnoDB: _mm_lfence() and _mm_sfence() are used for memory barrier
2018-06-25 13:25:33 1068 [Note] InnoDB: Compressed tables use zlib 1.2.3
2018-06-25 13:25:33 1068 [Note] InnoDB: Using generic crc32 instructions
2018-06-25 13:25:33 1068 [Note] InnoDB: Initializing buffer pool, size = 16.0M
2018-06-25 13:25:33 1068 [Note] InnoDB: Completed initialization of buffer pool
2018-06-25 13:25:33 1068 [Note] InnoDB: Highest supported file format is Barracuda.
2018-06-25 13:25:33 1068 [Note] InnoDB: The log sequence number 1835037 in ibdata file do not match the log sequence number 2207645 in the ib_logfiles!
2018-06-25 13:25:33 1068 [Note] InnoDB: Restoring possible half-written data pages from the doublewrite buffer...
2018-06-25 13:25:33 1068 [Note] InnoDB: 128 rollback segment(s) are active.
2018-06-25 13:25:33 1068 [Note] InnoDB: Waiting for purge to start
2018-06-25 13:25:33 1068 [Note] InnoDB:  Percona XtraDB (http://www.percona.com) 5.6.36-82.0 started; log sequence number 2207645
2018-06-25 13:25:33 3160 [Note] InnoDB: Dumping buffer pool(s) not yet started
2018-06-25 13:25:33 1068 [Note] Plugin 'FEEDBACK' is disabled.
2018-06-25 13:25:33 1068 [Note] Server socket created on IP: '::'.
2018-06-25 13:25:33 1068 [Note] c:\xampp\mysql\bin\mysqld.exe: ready for connections.
Version: '10.1.25-MariaDB'  socket: ''  port: 3306  mariadb.org binary distribution
2018-06-28 10:40:23 3e5c InnoDB: Warning: Using innodb_additional_mem_pool_size is DEPRECATED. This option may be removed in future releases, together with the option innodb_use_sys_malloc and with the InnoDB's internal memory allocator.
2018-06-28 10:40:23 15964 [Note] InnoDB: innodb_empty_free_list_algorithm has been changed to legacy because of small buffer pool size. In order to use backoff, increase buffer pool at least up to 20MB.

2018-06-28 10:40:23 15964 [Note] InnoDB: Using mutexes to ref count buffer pool pages
2018-06-28 10:40:23 15964 [Note] InnoDB: The InnoDB memory heap is disabled
2018-06-28 10:40:23 15964 [Note] InnoDB: Mutexes and rw_locks use Windows interlocked functions
2018-06-28 10:40:23 15964 [Note] InnoDB: _mm_lfence() and _mm_sfence() are used for memory barrier
2018-06-28 10:40:23 15964 [Note] InnoDB: Compressed tables use zlib 1.2.3
2018-06-28 10:40:23 15964 [Note] InnoDB: Using generic crc32 instructions
2018-06-28 10:40:23 15964 [Note] InnoDB: Initializing buffer pool, size = 16.0M
2018-06-28 10:40:23 15964 [Note] InnoDB: Completed initialization of buffer pool
2018-06-28 10:40:23 15964 [Note] InnoDB: Highest supported file format is Barracuda.
2018-06-28 10:40:23 15964 [Note] InnoDB: The log sequence number 1835037 in ibdata file do not match the log sequence number 2261957 in the ib_logfiles!
2018-06-28 10:40:23 15964 [Note] InnoDB: Restoring possible half-written data pages from the doublewrite buffer...
2018-06-28 10:40:23 15964 [Note] InnoDB: 128 rollback segment(s) are active.
2018-06-28 10:40:23 15964 [Note] InnoDB: Waiting for purge to start
2018-06-28 10:40:23 15964 [Note] InnoDB:  Percona XtraDB (http://www.percona.com) 5.6.36-82.0 started; log sequence number 2261957
2018-06-28 10:40:23 13640 [Note] InnoDB: Dumping buffer pool(s) not yet started
2018-06-28 10:40:23 15964 [Note] Plugin 'FEEDBACK' is disabled.
2018-06-28 10:40:23 15964 [Note] Server socket created on IP: '::'.
2018-06-28 10:40:23 15964 [Note] c:\xampp\mysql\bin\mysqld.exe: ready for connections.
Version: '10.1.25-MariaDB'  socket: ''  port: 3306  mariadb.org binary distribution
